<?xml version="1.0" encoding="UTF-8"?>
<!-- Generated by org.testng.reporters.JUnitReportReporter -->
<testsuite skipped="0" hostname="DESKTOP-AM5EAM7" name="testWebA.Automate_Components" tests="1" failures="0" timestamp="2020-06-08T12:54:27 EDT" time="17.031" errors="0">
  <testcase name="method1" time="17.031" classname="testWebA.Automate_Components"/>
  <system-out/>
</testsuite> <!-- testWebA.Automate_Components -->
